1607234372544	geckodriver	INFO	geckodriver 0.21.0
1607234372553	geckodriver	INFO	Listening on 127.0.0.1:50571
1607234373058	mozrunner::runner	INFO	Running command: "/Applications/Firefox.app/Contents/MacOS/firefox-bin" "-marionette" "-foreground" "-no-remote" "-profile" "/var/folders/_t/wdr3jbz92xsdlbl5mk626lzr0000gn/T/rust_mozprofile.hUb0izHIN4IJ"
1607234374290	Marionette	TRACE	Marionette enabled
1607234374417	Marionette	TRACE	Received observer notification toplevel-window-ready
1607234376452	Marionette	TRACE	Received observer notification marionette-startup-requested
1607234376452	Marionette	TRACE	Waiting until startup recorder finished recording startup scripts...
1607234376491	Marionette	TRACE	All scripts recorded.
1607234376491	Marionette	DEBUG	Setting recommended pref app.update.disabledForTesting to true
1607234376492	Marionette	DEBUG	Setting recommended pref apz.content_response_timeout to 60000
1607234376492	Marionette	DEBUG	Setting recommended pref browser.contentblocking.introCount to 99
1607234376492	Marionette	DEBUG	Setting recommended pref browser.download.panel.shown to true
1607234376492	Marionette	DEBUG	Setting recommended pref browser.pagethumbnails.capturing_disabled to true
1607234376493	Marionette	DEBUG	Setting recommended pref browser.tabs.disableBackgroundZombification to false
1607234376493	Marionette	DEBUG	Setting recommended pref browser.tabs.remote.separatePrivilegedContentProcess to false
1607234376493	Marionette	DEBUG	Setting recommended pref browser.tabs.unloadOnLowMemory to false
1607234376493	Marionette	DEBUG	Setting recommended pref browser.tabs.warnOnCloseOtherTabs to false
1607234376494	Marionette	DEBUG	Setting recommended pref browser.urlbar.suggest.searches to false
1607234376495	Marionette	DEBUG	Setting recommended pref datareporting.policy.dataSubmissionPolicyAccepted to false
1607234376495	Marionette	DEBUG	Setting recommended pref dom.disable_beforeunload to true
1607234376495	Marionette	DEBUG	Setting recommended pref dom.file.createInChild to true
1607234376495	Marionette	DEBUG	Setting recommended pref dom.push.connection.enabled to false
1607234376495	Marionette	DEBUG	Setting recommended pref extensions.getAddons.cache.enabled to false
1607234376496	Marionette	DEBUG	Setting recommended pref extensions.getAddons.discovery.api_url to data:, 
1607234376496	Marionette	DEBUG	Setting recommended pref network.http.prompt-temp-redirect to false
1607234376496	Marionette	DEBUG	Setting recommended pref privacy.trackingprotection.enabled to false
1607234376496	Marionette	DEBUG	Setting recommended pref security.certerrors.mitm.priming.enabled to false
1607234376496	Marionette	DEBUG	Setting recommended pref security.notification_enable_delay to 0
1607234376497	Marionette	DEBUG	Setting recommended pref signon.autofillForms to false
1607234376498	Marionette	DEBUG	Setting recommended pref toolkit.cosmeticAnimations.enabled to false
1607234376546	Marionette	INFO	Listening on port 50582
1607234376546	Marionette	DEBUG	Marionette is listening
1607234376641	Marionette	DEBUG	Accepted connection 0 from 127.0.0.1:50628
1607234376644	Marionette	DEBUG	0 -> [0,1,"WebDriver:NewSession",{"acceptInsecureCerts":true,"browserName":"firefox","capabilities":{"desiredCapabilities":{"acceptInsecureCerts":true,"browserName":"firefox"}}}]
1607234376644	Marionette	WARN	TLS certificate errors will be ignored for this session
1607234376670	Marionette	TRACE	[17] Frame script loaded
1607234376672	Marionette	TRACE	[17] Frame script registered
1607234376679	Marionette	DEBUG	0 <- [1,1,null,{"sessionId":"d0e33a43-3b4c-b543-875e-a0a57b691309","capabilities":{"browserName":"firefox","browserVersion":"78.5. ... alse,"moz:webdriverClick":true,"capabilities":{"desiredCapabilities":{"acceptInsecureCerts":true,"browserName":"firefox"}}}}]
1607234376702	Marionette	DEBUG	0 -> [0,2,"WebDriver:SetTimeouts",{"script":5000}]
1607234376702	Marionette	DEBUG	0 <- [1,2,null,{"value":null}]
1607234376709	Marionette	DEBUG	0 -> [0,3,"WebDriver:SetTimeouts",{"implicit":0}]
1607234376710	Marionette	DEBUG	0 <- [1,3,null,{"value":null}]
1607234376713	Marionette	DEBUG	0 -> [0,4,"WebDriver:Navigate",{"url":"http://localhost:7272/"}]
1607234376727	Marionette	TRACE	[17] Received DOM event beforeunload for about:blank
1607234376786	Marionette	TRACE	[17] Received DOM event pagehide for about:blank
1607234376907	Marionette	TRACE	[17] Received DOM event DOMContentLoaded for http://localhost:7272/
1607234376911	Marionette	TRACE	[17] Received DOM event pageshow for http://localhost:7272/
1607234376914	Marionette	DEBUG	0 <- [1,4,null,{"value":null}]
1607234376972	Marionette	DEBUG	0 -> [0,5,"WebDriver:MaximizeWindow",{}]
1607234377453	Marionette	DEBUG	0 <- [1,5,null,{"x":0,"y":23,"width":1440,"height":873}]
1607234377461	Marionette	DEBUG	0 -> [0,6,"WebDriver:GetTitle",{}]
1607234377461	Marionette	DEBUG	0 <- [1,6,null,{"value":"Login Page"}]
1607234377467	Marionette	DEBUG	0 -> [0,7,"WebDriver:FindElements",{"using":"xpath","value":"//*[(@id='username_field' or @name='username_field')]"}]
1607234377471	Marionette	DEBUG	0 <- [1,7,null,[{"element-6066-11e4-a52e-4f735466cecf":"44013bcc-a44d-2547-a764-023663815055"}]]
1607234377475	Marionette	DEBUG	0 -> [0,8,"WebDriver:ElementClear",{"id":"44013bcc-a44d-2547-a764-023663815055"}]
1607234377482	Marionette	DEBUG	0 <- [1,8,null,{"value":null}]
1607234377484	Marionette	DEBUG	0 -> [0,9,"WebDriver:ElementSendKeys",{"id":"44013bcc-a44d-2547-a764-023663815055","text":"demo","value":["d","e","m","o"]}]
1607234377501	Marionette	DEBUG	0 <- [1,9,null,{"value":null}]
1607234377507	Marionette	DEBUG	0 -> [0,10,"WebDriver:FindElements",{"using":"xpath","value":"//*[(@id='password_field' or @name='password_field')]"}]
1607234377510	Marionette	DEBUG	0 <- [1,10,null,[{"element-6066-11e4-a52e-4f735466cecf":"3c8c5e6e-26ea-5442-b056-a53eed3b801a"}]]
1607234377514	Marionette	DEBUG	0 -> [0,11,"WebDriver:ElementClear",{"id":"3c8c5e6e-26ea-5442-b056-a53eed3b801a"}]
1607234377517	Marionette	DEBUG	0 <- [1,11,null,{"value":null}]
1607234377523	Marionette	DEBUG	0 -> [0,12,"WebDriver:ElementSendKeys",{"id":"3c8c5e6e-26ea-5442-b056-a53eed3b801a","text":"mode","value":["m","o","d","e"]}]
1607234377544	Marionette	DEBUG	0 <- [1,12,null,{"value":null}]
1607234377549	Marionette	DEBUG	0 -> [0,13,"WebDriver:GetCurrentURL",{}]
1607234377550	Marionette	DEBUG	0 <- [1,13,null,{"value":"http://localhost:7272/"}]
1607234377552	Marionette	DEBUG	0 -> [0,14,"WebDriver:FindElements",{"using":"xpath","value":"//input[(@id='login_button' or @name='login_button' or @value='login_button' or @src='login_button' or @src='http://localhost:7272/login_button')]"}]
1607234377556	Marionette	DEBUG	0 <- [1,14,null,[{"element-6066-11e4-a52e-4f735466cecf":"252f7d9c-bf4e-7948-9bc8-1433f0f52cba"}]]
1607234377559	Marionette	DEBUG	0 -> [0,15,"WebDriver:ElementClick",{"id":"252f7d9c-bf4e-7948-9bc8-1433f0f52cba"}]
1607234377579	Marionette	TRACE	[17] Received DOM event beforeunload for http://localhost:7272/
1607234377595	Marionette	TRACE	[17] Received DOM event pagehide for http://localhost:7272/
1607234377596	Marionette	TRACE	[17] Received DOM event unload for http://localhost:7272/
1607234377603	Marionette	TRACE	[17] Received DOM event DOMContentLoaded for http://localhost:7272/welcome.html
1607234377643	Marionette	TRACE	[17] Received DOM event pageshow for http://localhost:7272/welcome.html
1607234377655	Marionette	DEBUG	0 <- [1,15,null,{"value":null}]
1607234377662	Marionette	DEBUG	0 -> [0,16,"WebDriver:GetCurrentURL",{}]
1607234377663	Marionette	DEBUG	0 <- [1,16,null,{"value":"http://localhost:7272/welcome.html"}]
1607234377685	Marionette	DEBUG	0 -> [0,17,"WebDriver:GetTitle",{}]
1607234377686	Marionette	DEBUG	0 <- [1,17,null,{"value":"Welcome Page"}]
1607234377692	Marionette	DEBUG	0 -> [0,18,"Marionette:Quit",{"flags":["eForceQuit"]}]
1607234377693	Marionette	INFO	Stopped listening on port 50582
1607234377765	Marionette	TRACE	Received observer notification quit-application
1607234377770	Marionette	DEBUG	0 <- [1,18,null,{"cause":"shutdown"}]
1607234377881	Marionette	DEBUG	0 -> [0,19,"Marionette:Quit",{"flags":["eForceQuit"]}]
1607234377882	Marionette	DEBUG	0 <- [1,19,{"error":"invalid session id","message":"Tried to run command without establishing a connection","stacktrace":"WebDrive ... t@chrome://marionette/content/server.js:249:9\n_onJSONObjectReady/<@chrome://marionette/content/transport.js:501:20\n"},null]
1607234377893	Marionette	DEBUG	Closed connection 0
console.error: services.settings: 
  main/fxmonitor-breaches Signature failed  TypeError: NetworkError when attempting to fetch resource.
1607234380019	Marionette	TRACE	Received observer notification xpcom-will-shutdown
1607234380019	Marionette	DEBUG	Resetting recommended pref app.update.disabledForTesting
1607234380019	Marionette	DEBUG	Resetting recommended pref apz.content_response_timeout
1607234380019	Marionette	DEBUG	Resetting recommended pref browser.contentblocking.introCount
1607234380019	Marionette	DEBUG	Resetting recommended pref browser.download.panel.shown
1607234380019	Marionette	DEBUG	Resetting recommended pref browser.pagethumbnails.capturing_disabled
1607234380019	Marionette	DEBUG	Resetting recommended pref browser.tabs.disableBackgroundZombification
1607234380020	Marionette	DEBUG	Resetting recommended pref browser.tabs.remote.separatePrivilegedContentProcess
1607234380020	Marionette	DEBUG	Resetting recommended pref browser.tabs.unloadOnLowMemory
1607234380020	Marionette	DEBUG	Resetting recommended pref browser.tabs.warnOnCloseOtherTabs
1607234380020	Marionette	DEBUG	Resetting recommended pref browser.urlbar.suggest.searches
1607234380020	Marionette	DEBUG	Resetting recommended pref datareporting.policy.dataSubmissionPolicyAccepted
1607234380020	Marionette	DEBUG	Resetting recommended pref dom.disable_beforeunload
1607234380020	Marionette	DEBUG	Resetting recommended pref dom.file.createInChild
1607234380020	Marionette	DEBUG	Resetting recommended pref dom.push.connection.enabled
1607234380020	Marionette	DEBUG	Resetting recommended pref extensions.getAddons.cache.enabled
1607234380021	Marionette	DEBUG	Resetting recommended pref extensions.getAddons.discovery.api_url
1607234380021	Marionette	DEBUG	Resetting recommended pref network.http.prompt-temp-redirect
1607234380021	Marionette	DEBUG	Resetting recommended pref privacy.trackingprotection.enabled
1607234380021	Marionette	DEBUG	Resetting recommended pref security.certerrors.mitm.priming.enabled
1607234380021	Marionette	DEBUG	Resetting recommended pref security.notification_enable_delay
1607234380021	Marionette	DEBUG	Resetting recommended pref signon.autofillForms
1607234380022	Marionette	DEBUG	Resetting recommended pref toolkit.cosmeticAnimations.enabled
1607234380022	Marionette	DEBUG	Marionette stopped listening
